<?xml version="1.0" encoding="UTF-8"?>
<!-- Generated by org.testng.reporters.JUnitReportReporter -->
<testsuite hostname="Havi" failures="0" tests="3" name="com.automationCodes.testRunner.TestRunner" time="69.803" errors="0" timestamp="2024-08-10T21:19:26 IST" skipped="0">
  <testcase classname="com.automationCodes.testRunner.TestRunner" name="runScenario" time="21.836"/>
  <testcase classname="com.automationCodes.testRunner.TestRunner" name="runScenario" time="22.949"/>
  <testcase classname="com.automationCodes.testRunner.TestRunner" name="runScenario" time="25.018"/>
</testsuite> <!-- com.automationCodes.testRunner.TestRunner -->
