<?xml version="1.0" encoding="UTF-8"?>
<!-- Generated by org.testng.reporters.JUnitReportReporter -->
<testsuite hostname="Havi" failures="0" tests="3" name="com.automationCodes.testRunner.TestRunner" time="80.055" errors="0" timestamp="2024-08-10T21:11:08 IST" skipped="0">
  <testcase classname="com.automationCodes.testRunner.TestRunner" name="runScenario" time="28.400"/>
  <testcase classname="com.automationCodes.testRunner.TestRunner" name="runScenario" time="22.309"/>
  <testcase classname="com.automationCodes.testRunner.TestRunner" name="runScenario" time="29.346"/>
</testsuite> <!-- com.automationCodes.testRunner.TestRunner -->
